[00:31:18] [ServerMain/INFO]: [bootstrap] Running Java 25 (OpenJDK 64-Bit Server VM 25.0.1+8-LTS; Microsoft Microsoft-12574222) on Linux 6.8.0-1030-azure (amd64)
[00:31:18] [ServerMain/INFO]: [bootstrap] Loading Paper 1.21.11-65-main@8c6b632 (2025-12-29T21:56:22Z) for Minecraft 1.21.11
[00:31:19] [ServerMain/INFO]: [PluginInitializerManager] Initializing plugins...
[00:31:19] [ServerMain/INFO]: [PluginInitializerManager] Initialized 10 plugins
[00:31:19] [ServerMain/INFO]: [PluginInitializerManager] Bukkit plugins (10):
 - BetterTPA (1.1.1), BetterTeams (4.15.2), ClearLag (3.2.2), Geyser-Spigot (2.9.2-SNAPSHOT), ViaBackwards (5.7.0), ViaRewind (4.0.13), ViaVersion (5.7.0), WorldEdit (7.3.18+7298-4383852), WorldGuard (7.0.14+2339-43997ec), floodgate (2.2.5-SNAPSHOT (b125-a772911))
[00:31:24] [ServerMain/INFO]: Environment: Environment[sessionHost=https://sessionserver.mojang.com, servicesHost=https://api.minecraftservices.com, profilesHost=https://api.mojang.com, name=PROD]
[00:31:26] [ServerMain/INFO]: Loaded 1470 recipes
[00:31:26] [ServerMain/INFO]: Loaded 1584 advancements
[00:31:26] [ServerMain/INFO]: [ca.spottedleaf.dataconverter.minecraft.datatypes.MCTypeRegistry] Initialising converters for DataConverter...
[00:31:26] [ServerMain/INFO]: [ca.spottedleaf.dataconverter.minecraft.datatypes.MCTypeRegistry] Finished initialising converters for DataConverter in 527.2ms
[00:31:26] [Server thread/INFO]: Starting minecraft server version 1.21.11
[00:31:26] [Server thread/INFO]: Loading properties
[00:31:26] [Server thread/INFO]: This server is running Paper version 1.21.11-65-main@8c6b632 (2025-12-29T21:56:22Z) (Implementing API version 1.21.11-R0.1-SNAPSHOT)
[00:31:27] [Server thread/INFO]: [spark] This server bundles the spark profiler. For more information please visit https://docs.papermc.io/paper/profiling
[00:31:27] [Server thread/INFO]: Server Ping Player Sample Count: 12
[00:31:27] [Server thread/INFO]: Using 4 threads for Netty based IO
[00:31:27] [Server thread/INFO]: [MoonriseCommon] Paper is using 1 worker threads, 1 I/O threads
[00:31:28] [Server thread/INFO]: Default game type: SURVIVAL
[00:31:28] [Server thread/INFO]: Generating keypair
[00:31:28] [Server thread/INFO]: Starting Minecraft server on *:25565
[00:31:28] [Server thread/INFO]: Paper: Using libdeflate (Linux x86_64) compression from Velocity.
[00:31:28] [Server thread/INFO]: Paper: Using OpenSSL 3.x.x (Linux x86_64) cipher from Velocity.
[00:31:28] [Server thread/INFO]: [ViaVersion] Loading server plugin ViaVersion v5.7.0
[00:31:28] [Server thread/INFO]: [ViaVersion] ViaVersion 5.7.0 is now loaded. Registering protocol transformers and injecting...
[00:31:29] [Via-Mappingloader-1/INFO]: [ViaVersion] Loading block connection mappings ...
[00:31:29] [Via-Mappingloader-1/INFO]: [ViaVersion] Using FastUtil Long2ObjectOpenHashMap for block connections
[00:31:29] [Server thread/INFO]: [ViaBackwards] Loading translations...
[00:31:29] [Server thread/INFO]: [ViaBackwards] Registering protocols...
[00:31:30] [Server thread/INFO]: [ViaRewind] Registering protocols...
[00:31:30] [Server thread/INFO]: [WorldEdit] Loading server plugin WorldEdit v7.3.18+7298-4383852
[00:31:31] [Server thread/INFO]: Got request to register class com.sk89q.worldedit.bukkit.BukkitServerInterface with WorldEdit [com.sk89q.worldedit.extension.platform.PlatformManager@37b7eff9]
[00:31:31] [Server thread/INFO]: [ViaBackwards] Loading server plugin ViaBackwards v5.7.0
[00:31:31] [Server thread/INFO]: [floodgate] Loading server plugin floodgate v2.2.5-SNAPSHOT (b125-a772911)
[00:31:32] [Server thread/WARN]: [floodgate] en_ is not a supported Floodgate language.
[00:31:32] [Server thread/INFO]: [floodgate] Took 643ms to boot Floodgate
[00:31:32] [Server thread/INFO]: [WorldGuard] Loading server plugin WorldGuard v7.0.14+2339-43997ec
[00:31:32] [Server thread/INFO]: [ViaRewind] Loading server plugin ViaRewind v4.0.13
[00:31:32] [Server thread/INFO]: [Geyser-Spigot] Loading server plugin Geyser-Spigot v2.9.2-SNAPSHOT
[00:31:32] [Server thread/INFO]: [Geyser-Spigot] Loading extensions...
[00:31:32] [Server thread/INFO]: [Geyser-Spigot] Loaded 0 extension(s)
[00:31:32] [Server thread/INFO]: [BetterTPA] Loading server plugin BetterTPA v1.1.1
[00:31:32] [Server thread/INFO]: [ClearLag] Loading server plugin ClearLag v3.2.2
[00:31:32] [Server thread/INFO]: [BetterTeams] Loading server plugin BetterTeams v4.15.2
[00:31:32] [Server thread/INFO]: [BetterTeams] [BetterTeams] Checking if the file config.yml is up to date
[00:31:32] [Server thread/INFO]: [BetterTeams] [BetterTeams] File is up to date
[00:31:32] [Server thread/INFO]: Server permissions file permissions.yml is empty, ignoring it
[00:31:32] [Server thread/INFO]: [WorldEdit] Enabling WorldEdit v7.3.18+7298-4383852
[00:31:32] [Server thread/INFO]: Registering commands with com.sk89q.worldedit.bukkit.BukkitServerInterface
[00:31:32] [Server thread/INFO]: WEPIF: Using the Bukkit Permissions API.
[00:31:32] [Server thread/INFO]: Using com.sk89q.worldedit.bukkit.adapter.impl.v1_21_11.PaperweightAdapter as the Bukkit adapter
[00:31:34] [Server thread/INFO]: [ViaRewind] Enabling ViaRewind v4.0.13
[00:31:34] [Server thread/WARN]: **** SERVER IS RUNNING IN OFFLINE/INSECURE MODE!
[00:31:34] [Server thread/WARN]: The server will make no attempt to authenticate usernames. Beware.
[00:31:34] [Server thread/WARN]: While this makes the game possible to play without internet access, it also opens up the ability for hackers to connect with any username they choose.
[00:31:34] [Server thread/WARN]: To change this, set "online-mode" to "true" in the server.properties file.
[00:31:34] [Server thread/INFO]: Preparing level "serverntw"
[00:31:34] [Server thread/INFO]: [ca.spottedleaf.moonrise.common.util.MoonriseConstants] NUMA enable flag is not set; however there is NUMA interaction support for this OS.
[00:31:34] [Server thread/INFO]: [ca.spottedleaf.moonrise.common.util.MoonriseConstants] Detected 1 NUMA nodes.
[00:31:35] [Server thread/INFO]: Loading 0 persistent chunks for world 'minecraft:overworld'...
[00:31:35] [Server thread/INFO]: Preparing spawn area: 100%
[00:31:35] [Server thread/INFO]: Prepared spawn area in 3 ms
[00:31:35] [Server thread/INFO]: Loading 0 persistent chunks for world 'minecraft:the_nether'...
[00:31:35] [Server thread/INFO]: Prepared spawn area in 2 ms
[00:31:35] [Server thread/INFO]: Loading 0 persistent chunks for world 'minecraft:the_end'...
[00:31:35] [Server thread/INFO]: Prepared spawn area in 0 ms
[00:31:35] [Server thread/INFO]: Done preparing level "serverntw" (1.178s)
[00:31:35] [Server thread/INFO]: [ViaVersion] Enabling ViaVersion v5.7.0
[00:31:35] [Server thread/INFO]: [ViaVersion] ViaVersion detected server version: 1.21.11 (774)
[00:31:35] [Server thread/INFO]: [ViaBackwards] Enabling ViaBackwards v5.7.0
[00:31:35] [Server thread/INFO]: [floodgate] Enabling floodgate v2.2.5-SNAPSHOT (b125-a772911)
[00:31:35] [Server thread/INFO]: [WorldGuard] Enabling WorldGuard v7.0.14+2339-43997ec
[00:31:36] [Server thread/INFO]: [WorldGuard] (serverntw) TNT ignition is PERMITTED.
[00:31:36] [Server thread/INFO]: [WorldGuard] (serverntw) Lighters are PERMITTED.
[00:31:36] [Server thread/INFO]: [WorldGuard] (serverntw) Lava fire is PERMITTED.
[00:31:36] [Server thread/INFO]: [WorldGuard] (serverntw) Fire spread is UNRESTRICTED.
[00:31:36] [Server thread/INFO]: [WorldGuard] Loaded configuration for world 'serverntw'
[00:31:36] [Server thread/INFO]: [WorldGuard] (serverntw_nether) TNT ignition is PERMITTED.
[00:31:36] [Server thread/INFO]: [WorldGuard] (serverntw_nether) Lighters are PERMITTED.
[00:31:36] [Server thread/INFO]: [WorldGuard] (serverntw_nether) Lava fire is PERMITTED.
[00:31:36] [Server thread/INFO]: [WorldGuard] (serverntw_nether) Fire spread is UNRESTRICTED.
[00:31:36] [Server thread/INFO]: [WorldGuard] Loaded configuration for world 'serverntw_nether'
[00:31:36] [Server thread/INFO]: [WorldGuard] (serverntw_the_end) TNT ignition is PERMITTED.
[00:31:36] [Server thread/INFO]: [WorldGuard] (serverntw_the_end) Lighters are PERMITTED.
[00:31:36] [Server thread/INFO]: [WorldGuard] (serverntw_the_end) Lava fire is PERMITTED.
[00:31:36] [Server thread/INFO]: [WorldGuard] (serverntw_the_end) Fire spread is UNRESTRICTED.
[00:31:36] [Server thread/INFO]: [WorldGuard] Loaded configuration for world 'serverntw_the_end'
[00:31:36] [Server thread/INFO]: [WorldGuard] Loading region data...
[00:31:36] [Server thread/INFO]: [Geyser-Spigot] Enabling Geyser-Spigot v2.9.2-SNAPSHOT
[00:31:37] [Server thread/INFO]: [BetterTPA] Enabling BetterTPA v1.1.1
[00:31:38] [Server thread/INFO]: [ClearLag] Enabling ClearLag v3.2.2
[00:31:38] [Server thread/INFO]: [ClearLag] Using version-adapter: LatestVersionAdapter
[00:31:38] [Server thread/INFO]: [ClearLag] Loading modules...
[00:31:38] [Server thread/WARN]: [ClearLag] Clearlag failed to use the internal TPS tracker during initialization. Reverted to estimation... (Index 3 out of bounds for length 3)
[00:31:38] [Server thread/INFO]: [ClearLag] Modules enabed, loading config values
[00:31:38] [Server thread/INFO]: [ClearLag] Modules have been loaded!
[00:31:38] [Server thread/INFO]: [ClearLag] Clearlag is now enabled!
[00:31:38] [Server thread/INFO]: [BetterTeams] Enabling BetterTeams v4.15.2
[00:31:38] [Thread-7/WARN]: [ClearLag] Clearlag failed to check for updates - bukkit may be down
[00:31:38] [Thread-7/WARN]: java.lang.ArrayIndexOutOfBoundsException: Index 3 out of bounds for length 3
[00:31:38] [Thread-7/WARN]: 	at Clearlag.jar//me.minebuilders.clearlag.Util.getBukkitVersion(Util.java:105)
[00:31:38] [Thread-7/WARN]: 	at Clearlag.jar//me.minebuilders.clearlag.BukkitUpdater.updateAvailable(BukkitUpdater.java:32)
[00:31:38] [Thread-7/WARN]: 	at Clearlag.jar//me.minebuilders.clearlag.BukkitUpdater.run(BukkitUpdater.java:82)
[00:31:38] [Thread-7/WARN]: 	at java.base/java.lang.Thread.run(Thread.java:1474)
[00:31:38] [Server thread/INFO]: [BetterTeams] MessageSender declared: com.booksaw.betterTeams.message.AdventureMessageSender@145ffb6b
[00:31:38] [Server thread/INFO]: [BetterTeams] [BetterTeams] Checking if the file messages.yml is up to date
[00:31:38] [Server thread/INFO]: [BetterTeams] [BetterTeams] File is up to date
[00:31:38] [Server thread/INFO]: [BetterTeams] Display team name config value: prefix
[00:31:38] [Server thread/INFO]: [BetterTeams] Loading below name. Type: PREFIX
[00:31:38] [Server thread/INFO]: [BetterTeams] teamManagement declared: com.booksaw.betterTeams.events.MCTeamManagement@10fd57b6
[00:31:39] [Server thread/INFO]: [spark] Starting background profiler...
[00:31:40] [Server thread/INFO]: [Geyser-Spigot] ******************************************
[00:31:40] [Server thread/INFO]: [Geyser-Spigot] 
[00:31:40] [Server thread/INFO]: [Geyser-Spigot] Loading Geyser version 2.9.2-b1015 (git-master-3332528)
[00:31:40] [Server thread/INFO]: [Geyser-Spigot] 
[00:31:40] [Server thread/INFO]: [Geyser-Spigot] ******************************************
[00:31:43] [GeyserServer-3-1/INFO]: [Geyser-Spigot] Started Geyser on UDP port 38531
[00:31:43] [Server thread/INFO]: [Geyser-Spigot] Done (3.74s)! Run /geyser help for help!
[00:31:44] [Server thread/INFO]: Running delayed init tasks
[00:31:44] [Server thread/INFO]: Done (26.210s)! For help, type "help"
[00:31:44] [Craft Scheduler Thread - 2 - ViaVersion/INFO]: [ViaVersion] Finished mapping loading, shutting down loader executor.
